[2026-03-22 22:20:02] 前端服务挂了，正在重启...
[2026-03-22 22:20:05] 前端重启失败
[2026-03-22 22:22:01] 前端服务挂了，正在重启...
[2026-03-22 22:22:04] 前端重启失败
[2026-03-22 22:24:01] 前端服务挂了，正在重启...
[2026-03-22 22:24:04] 前端重启失败
[2026-03-22 22:26:01] 前端服务挂了，正在重启...
[2026-03-22 22:26:04] 前端重启失败
[2026-03-22 22:28:01] 前端服务挂了，正在重启...
[2026-03-22 22:28:04] 前端重启失败
[2026-03-22 22:30:02] 前端服务挂了，正在重启...
[2026-03-22 22:30:05] 前端重启失败
[2026-03-22 22:32:01] 前端服务挂了，正在重启...
[2026-03-22 22:32:04] 前端重启失败
[2026-03-22 22:34:01] 前端服务挂了，正在重启...
[2026-03-22 22:34:04] 前端重启失败
[2026-03-22 22:36:01] 前端服务挂了，正在重启...
[2026-03-22 22:36:04] 前端重启失败
[2026-03-22 22:38:01] 前端服务挂了，正在重启...
[2026-03-22 22:38:04] 前端重启失败
[2026-03-22 22:40:02] 前端服务挂了，正在重启...
[2026-03-22 22:40:05] 前端重启失败
[2026-03-22 22:42:01] 前端服务挂了，正在重启...
[2026-03-22 22:42:04] 前端重启失败
[2026-03-22 22:44:01] 前端服务挂了，正在重启...
[2026-03-22 22:44:04] 前端重启失败
[2026-03-22 22:46:01] 前端服务挂了，正在重启...
[2026-03-22 22:46:04] 前端重启失败
[2026-03-22 22:48:01] 前端服务挂了，正在重启...
[2026-03-22 22:48:04] 前端重启失败
[2026-03-22 22:50:02] 前端服务挂了，正在重启...
[2026-03-22 22:50:05] 前端重启失败
[2026-03-22 22:52:01] 前端服务挂了，正在重启...
[2026-03-22 22:52:04] 前端重启失败
[2026-03-22 22:54:01] 前端服务挂了，正在重启...
[2026-03-22 22:54:04] 前端重启失败
[2026-03-22 22:56:01] 前端服务挂了，正在重启...
[2026-03-22 22:56:04] 前端重启失败
[2026-03-22 22:58:01] 前端服务挂了，正在重启...
[2026-03-22 22:58:04] 前端重启失败
[2026-03-22 23:00:02] 前端服务挂了，正在重启...
[2026-03-22 23:00:05] 前端重启失败
[2026-03-22 23:02:01] 前端服务挂了，正在重启...
[2026-03-22 23:02:04] 前端重启失败
[2026-03-22 23:04:01] 前端服务挂了，正在重启...
[2026-03-22 23:04:04] 前端重启失败
[2026-03-22 23:06:01] 前端服务挂了，正在重启...
[2026-03-22 23:06:04] 前端重启失败
[2026-03-22 23:08:01] 前端服务挂了，正在重启...
[2026-03-22 23:08:04] 前端重启失败
[2026-03-22 23:10:02] 前端服务挂了，正在重启...
[2026-03-22 23:10:05] 前端重启失败
[2026-03-22 23:12:01] 前端服务挂了，正在重启...
[2026-03-22 23:12:04] 前端重启失败
[2026-03-22 23:14:01] 前端服务挂了，正在重启...
[2026-03-22 23:14:04] 前端重启失败
[2026-03-22 23:16:01] 前端服务挂了，正在重启...
[2026-03-22 23:16:04] 前端重启失败
[2026-03-22 23:18:01] 前端服务挂了，正在重启...
[2026-03-22 23:18:04] 前端重启失败
[2026-03-22 23:20:02] 前端服务挂了，正在重启...
[2026-03-22 23:20:05] 前端重启失败
[2026-03-22 23:22:01] 前端服务挂了，正在重启...
[2026-03-22 23:22:04] 前端重启失败
[2026-03-22 23:24:01] 前端服务挂了，正在重启...
[2026-03-22 23:24:04] 前端重启失败
[2026-03-22 23:26:01] 前端服务挂了，正在重启...
[2026-03-22 23:26:04] 前端重启失败
[2026-03-22 23:28:01] 前端服务挂了，正在重启...
[2026-03-22 23:28:04] 前端重启失败
[2026-03-22 23:30:02] 前端服务挂了，正在重启...
[2026-03-22 23:30:05] 前端重启失败
[2026-03-22 23:32:01] 前端服务挂了，正在重启...
[2026-03-22 23:32:04] 前端重启失败
[2026-03-22 23:34:01] 前端服务挂了，正在重启...
[2026-03-22 23:34:04] 前端重启失败
[2026-03-22 23:36:01] 前端服务挂了，正在重启...
[2026-03-22 23:36:04] 前端重启失败
[2026-03-22 23:38:01] 前端服务挂了，正在重启...
[2026-03-22 23:38:04] 前端重启失败
[2026-03-22 23:40:02] 前端服务挂了，正在重启...
[2026-03-22 23:40:05] 前端重启失败
[2026-03-22 23:42:01] 前端服务挂了，正在重启...
[2026-03-22 23:42:04] 前端重启失败
[2026-03-22 23:44:01] 前端服务挂了，正在重启...
[2026-03-22 23:44:04] 前端重启失败
[2026-03-22 23:46:01] 前端服务挂了，正在重启...
[2026-03-22 23:46:04] 前端重启失败
[2026-03-22 23:48:01] 前端服务挂了，正在重启...
[2026-03-22 23:48:04] 前端重启失败
[2026-03-22 23:50:01] 前端服务挂了，正在重启...
[2026-03-22 23:50:04] 前端重启失败
[2026-03-22 23:52:01] 前端服务挂了，正在重启...
[2026-03-22 23:52:04] 前端重启失败
[2026-03-22 23:54:01] 前端服务挂了，正在重启...
[2026-03-22 23:54:04] 前端重启失败
[2026-03-22 23:56:01] 前端服务挂了，正在重启...
[2026-03-22 23:56:04] 前端重启失败
[2026-03-22 23:58:01] 前端服务挂了，正在重启...
[2026-03-22 23:58:04] 前端重启失败
[2026-03-23 00:00:01] 前端服务挂了，正在重启...
[2026-03-23 00:00:04] 前端重启失败
[2026-03-23 00:02:01] 前端服务挂了，正在重启...
[2026-03-23 00:02:04] 前端重启失败
[2026-03-23 00:04:01] 前端服务挂了，正在重启...
[2026-03-23 00:04:04] 前端重启失败
[2026-03-23 00:06:01] 前端服务挂了，正在重启...
[2026-03-23 00:06:04] 前端重启失败
[2026-03-23 00:08:02] 前端服务挂了，正在重启...
[2026-03-23 00:08:05] 前端重启失败
[2026-03-23 00:10:01] 前端服务挂了，正在重启...
[2026-03-23 00:10:04] 前端重启失败
[2026-03-23 00:12:01] 前端服务挂了，正在重启...
[2026-03-23 00:12:04] 前端重启失败
[2026-03-23 00:14:01] 前端服务挂了，正在重启...
[2026-03-23 00:14:04] 前端重启失败
[2026-03-23 00:16:01] 前端服务挂了，正在重启...
[2026-03-23 00:16:04] 前端重启失败
[2026-03-23 00:18:02] 前端服务挂了，正在重启...
[2026-03-23 00:18:05] 前端重启失败
[2026-03-23 00:20:01] 前端服务挂了，正在重启...
[2026-03-23 00:20:04] 前端重启失败
[2026-03-23 00:22:01] 前端服务挂了，正在重启...
[2026-03-23 00:22:04] 前端重启失败
[2026-03-23 00:24:01] 前端服务挂了，正在重启...
[2026-03-23 00:24:04] 前端重启失败
[2026-03-23 00:26:01] 前端服务挂了，正在重启...
[2026-03-23 00:26:05] 前端重启失败
[2026-03-23 00:28:01] 前端服务挂了，正在重启...
[2026-03-23 00:28:04] 前端重启失败
[2026-03-23 00:30:01] 前端服务挂了，正在重启...
[2026-03-23 00:30:04] 前端重启失败
[2026-03-23 00:32:01] 前端服务挂了，正在重启...
[2026-03-23 00:32:04] 前端重启失败
[2026-03-23 00:34:01] 前端服务挂了，正在重启...
[2026-03-23 00:34:04] 前端重启失败
[2026-03-23 00:36:02] 前端服务挂了，正在重启...
[2026-03-23 00:36:05] 前端重启失败
[2026-03-23 00:38:01] 前端服务挂了，正在重启...
[2026-03-23 00:38:04] 前端重启失败
[2026-03-23 00:40:01] 前端服务挂了，正在重启...
[2026-03-23 00:40:04] 前端重启失败
[2026-03-23 00:42:01] 前端服务挂了，正在重启...
[2026-03-23 00:42:04] 前端重启失败
[2026-03-23 00:44:01] 前端服务挂了，正在重启...
[2026-03-23 00:44:04] 前端重启失败
[2026-03-23 00:46:02] 前端服务挂了，正在重启...
[2026-03-23 00:46:05] 前端重启失败
[2026-03-23 00:48:01] 前端服务挂了，正在重启...
[2026-03-23 00:48:04] 前端重启失败
[2026-03-23 00:50:01] 前端服务挂了，正在重启...
[2026-03-23 00:50:04] 前端重启失败
[2026-03-23 00:52:01] 前端服务挂了，正在重启...
[2026-03-23 00:52:04] 前端重启失败
[2026-03-23 00:54:01] 前端服务挂了，正在重启...
[2026-03-23 00:54:04] 前端重启失败
[2026-03-23 00:56:02] 前端服务挂了，正在重启...
[2026-03-23 00:56:05] 前端重启失败
[2026-03-23 00:58:01] 前端服务挂了，正在重启...
[2026-03-23 00:58:04] 前端重启失败
[2026-03-23 01:00:01] 前端服务挂了，正在重启...
[2026-03-23 01:00:04] 前端重启失败
[2026-03-23 01:02:01] 前端服务挂了，正在重启...
[2026-03-23 01:02:04] 前端重启失败
[2026-03-23 01:04:01] 前端服务挂了，正在重启...
[2026-03-23 01:04:04] 前端重启失败
[2026-03-23 01:06:01] 前端服务挂了，正在重启...
[2026-03-23 01:06:04] 前端重启失败
[2026-03-23 01:08:01] 前端服务挂了，正在重启...
[2026-03-23 01:08:04] 前端重启失败
[2026-03-23 01:10:01] 前端服务挂了，正在重启...
[2026-03-23 01:10:04] 前端重启失败
[2026-03-23 01:12:01] 前端服务挂了，正在重启...
[2026-03-23 01:12:04] 前端重启失败
[2026-03-23 01:14:01] 前端服务挂了，正在重启...
[2026-03-23 01:14:05] 前端重启失败
[2026-03-23 01:16:01] 前端服务挂了，正在重启...
[2026-03-23 01:16:04] 前端重启失败
[2026-03-23 01:18:01] 前端服务挂了，正在重启...
[2026-03-23 01:18:04] 前端重启失败
[2026-03-23 01:20:01] 前端服务挂了，正在重启...
[2026-03-23 01:20:04] 前端重启失败
[2026-03-23 01:22:01] 前端服务挂了，正在重启...
[2026-03-23 01:22:04] 前端重启失败
[2026-03-23 01:24:01] 前端服务挂了，正在重启...
[2026-03-23 01:24:04] 前端重启失败
[2026-03-23 01:26:01] 前端服务挂了，正在重启...
[2026-03-23 01:26:04] 前端重启失败
[2026-03-23 01:28:01] 前端服务挂了，正在重启...
[2026-03-23 01:28:04] 前端重启失败
[2026-03-23 01:30:01] 前端服务挂了，正在重启...
[2026-03-23 01:30:04] 前端重启失败
[2026-03-23 01:32:01] 前端服务挂了，正在重启...
[2026-03-23 01:32:04] 前端重启失败
[2026-03-23 01:34:01] 前端服务挂了，正在重启...
[2026-03-23 01:34:05] 前端重启失败
[2026-03-23 01:36:01] 前端服务挂了，正在重启...
[2026-03-23 01:36:04] 前端重启失败
[2026-03-23 01:38:01] 前端服务挂了，正在重启...
[2026-03-23 01:38:04] 前端重启失败
[2026-03-23 01:40:01] 前端服务挂了，正在重启...
[2026-03-23 01:40:04] 前端重启失败
[2026-03-23 01:42:01] 前端服务挂了，正在重启...
[2026-03-23 01:42:04] 前端重启失败
[2026-03-23 01:44:01] 前端服务挂了，正在重启...
[2026-03-23 01:44:05] 前端重启失败
[2026-03-23 01:46:01] 前端服务挂了，正在重启...
[2026-03-23 01:46:04] 前端重启失败
[2026-03-23 01:48:01] 前端服务挂了，正在重启...
[2026-03-23 01:48:04] 前端重启失败
[2026-03-23 01:50:01] 前端服务挂了，正在重启...
[2026-03-23 01:50:04] 前端重启失败
[2026-03-23 01:52:01] 前端服务挂了，正在重启...
[2026-03-23 01:52:04] 前端重启失败
[2026-03-23 01:54:01] 前端服务挂了，正在重启...
[2026-03-23 01:54:05] 前端重启失败
[2026-03-23 01:56:01] 前端服务挂了，正在重启...
[2026-03-23 01:56:04] 前端重启失败
[2026-03-23 01:58:01] 前端服务挂了，正在重启...
[2026-03-23 01:58:04] 前端重启失败
[2026-03-23 02:00:01] 前端服务挂了，正在重启...
[2026-03-23 02:00:04] 前端重启失败
[2026-03-23 02:02:01] 前端服务挂了，正在重启...
[2026-03-23 02:02:04] 前端重启失败
[2026-03-23 02:04:02] 前端服务挂了，正在重启...
[2026-03-23 02:04:05] 前端重启失败
[2026-03-23 02:06:01] 前端服务挂了，正在重启...
[2026-03-23 02:06:04] 前端重启失败
[2026-03-23 02:08:01] 前端服务挂了，正在重启...
[2026-03-23 02:08:04] 前端重启失败
[2026-03-23 02:10:01] 前端服务挂了，正在重启...
[2026-03-23 02:10:04] 前端重启失败
[2026-03-23 02:12:01] 前端服务挂了，正在重启...
[2026-03-23 02:12:04] 前端重启失败
[2026-03-23 02:14:02] 前端服务挂了，正在重启...
[2026-03-23 02:14:05] 前端重启失败
[2026-03-23 02:16:01] 前端服务挂了，正在重启...
[2026-03-23 02:16:04] 前端重启失败
[2026-03-23 02:18:01] 前端服务挂了，正在重启...
[2026-03-23 02:18:04] 前端重启失败
[2026-03-23 02:20:01] 前端服务挂了，正在重启...
[2026-03-23 02:20:04] 前端重启失败
[2026-03-23 02:22:01] 前端服务挂了，正在重启...
[2026-03-23 02:22:04] 前端重启失败
[2026-03-23 02:24:02] 前端服务挂了，正在重启...
[2026-03-23 02:24:05] 前端重启失败
[2026-03-23 02:26:01] 前端服务挂了，正在重启...
[2026-03-23 02:26:04] 前端重启失败
[2026-03-23 02:28:01] 前端服务挂了，正在重启...
[2026-03-23 02:28:04] 前端重启失败
[2026-03-23 02:30:01] 前端服务挂了，正在重启...
[2026-03-23 02:30:04] 前端重启失败
[2026-03-23 02:32:01] 前端服务挂了，正在重启...
[2026-03-23 02:32:04] 前端重启失败
[2026-03-23 02:34:01] 前端服务挂了，正在重启...
[2026-03-23 02:34:04] 前端重启失败
[2026-03-23 02:36:01] 前端服务挂了，正在重启...
[2026-03-23 02:36:04] 前端重启失败
[2026-03-23 02:38:01] 前端服务挂了，正在重启...
[2026-03-23 02:38:04] 前端重启失败
[2026-03-23 02:40:01] 前端服务挂了，正在重启...
[2026-03-23 02:40:04] 前端重启失败
[2026-03-23 02:42:01] 前端服务挂了，正在重启...
[2026-03-23 02:42:04] 前端重启失败
[2026-03-23 02:44:01] 前端服务挂了，正在重启...
[2026-03-23 02:44:04] 前端重启失败
[2026-03-23 02:46:01] 前端服务挂了，正在重启...
[2026-03-23 02:46:04] 前端重启失败
[2026-03-23 02:48:01] 前端服务挂了，正在重启...
[2026-03-23 02:48:04] 前端重启失败
[2026-03-23 02:50:01] 前端服务挂了，正在重启...
[2026-03-23 02:50:04] 前端重启失败
[2026-03-23 02:52:01] 前端服务挂了，正在重启...
[2026-03-23 02:52:05] 前端重启失败
[2026-03-23 02:54:01] 前端服务挂了，正在重启...
[2026-03-23 02:54:04] 前端重启失败
[2026-03-23 02:56:01] 前端服务挂了，正在重启...
[2026-03-23 02:56:04] 前端重启失败
[2026-03-23 02:58:01] 前端服务挂了，正在重启...
[2026-03-23 02:58:04] 前端重启失败
[2026-03-23 03:00:01] 前端服务挂了，正在重启...
[2026-03-23 03:00:04] 前端重启失败
[2026-03-23 03:02:02] 前端服务挂了，正在重启...
[2026-03-23 03:02:05] 前端重启失败
[2026-03-23 03:04:01] 前端服务挂了，正在重启...
[2026-03-23 03:04:04] 前端重启失败
[2026-03-23 03:06:01] 前端服务挂了，正在重启...
[2026-03-23 03:06:04] 前端重启失败
[2026-03-23 03:08:01] 前端服务挂了，正在重启...
[2026-03-23 03:08:04] 前端重启失败
[2026-03-23 03:10:01] 前端服务挂了，正在重启...
[2026-03-23 03:10:04] 前端重启失败
[2026-03-23 03:12:02] 前端服务挂了，正在重启...
[2026-03-23 03:12:05] 前端重启失败
[2026-03-23 03:14:01] 前端服务挂了，正在重启...
[2026-03-23 03:14:04] 前端重启失败
[2026-03-23 03:16:01] 前端服务挂了，正在重启...
[2026-03-23 03:16:04] 前端重启失败
[2026-03-23 03:18:01] 前端服务挂了，正在重启...
[2026-03-23 03:18:04] 前端重启失败
[2026-03-23 03:20:01] 前端服务挂了，正在重启...
[2026-03-23 03:20:04] 前端重启失败
[2026-03-23 03:22:02] 前端服务挂了，正在重启...
[2026-03-23 03:22:05] 前端重启失败
[2026-03-23 03:24:01] 前端服务挂了，正在重启...
[2026-03-23 03:24:04] 前端重启失败
[2026-03-23 03:26:01] 前端服务挂了，正在重启...
[2026-03-23 03:26:04] 前端重启失败
[2026-03-23 03:28:01] 前端服务挂了，正在重启...
[2026-03-23 03:28:04] 前端重启失败
[2026-03-23 03:30:01] 前端服务挂了，正在重启...
[2026-03-23 03:30:05] 前端重启失败
[2026-03-23 03:32:01] 前端服务挂了，正在重启...
[2026-03-23 03:32:04] 前端重启失败
[2026-03-23 03:34:01] 前端服务挂了，正在重启...
[2026-03-23 03:34:04] 前端重启失败
[2026-03-23 03:36:01] 前端服务挂了，正在重启...
[2026-03-23 03:36:04] 前端重启失败
[2026-03-23 03:38:01] 前端服务挂了，正在重启...
[2026-03-23 03:38:04] 前端重启失败
[2026-03-23 03:40:01] 前端服务挂了，正在重启...
[2026-03-23 03:40:05] 前端重启失败
[2026-03-23 03:42:01] 前端服务挂了，正在重启...
[2026-03-23 03:42:04] 前端重启失败
[2026-03-23 03:44:01] 前端服务挂了，正在重启...
[2026-03-23 03:44:04] 前端重启失败
[2026-03-23 03:46:01] 前端服务挂了，正在重启...
[2026-03-23 03:46:04] 前端重启失败
[2026-03-23 03:48:01] 前端服务挂了，正在重启...
[2026-03-23 03:48:04] 前端重启失败
[2026-03-23 03:50:02] 前端服务挂了，正在重启...
[2026-03-23 03:50:05] 前端重启失败
[2026-03-23 03:52:01] 前端服务挂了，正在重启...
[2026-03-23 03:52:04] 前端重启失败
[2026-03-23 03:54:01] 前端服务挂了，正在重启...
[2026-03-23 03:54:04] 前端重启失败
[2026-03-23 03:56:01] 前端服务挂了，正在重启...
[2026-03-23 03:56:04] 前端重启失败
[2026-03-23 03:58:01] 前端服务挂了，正在重启...
[2026-03-23 03:58:04] 前端重启失败
[2026-03-23 04:00:02] 前端服务挂了，正在重启...
[2026-03-23 04:00:05] 前端重启失败
[2026-03-23 04:02:01] 前端服务挂了，正在重启...
[2026-03-23 04:02:04] 前端重启失败
[2026-03-23 04:04:01] 前端服务挂了，正在重启...
[2026-03-23 04:04:04] 前端重启失败
[2026-03-23 04:06:01] 前端服务挂了，正在重启...
[2026-03-23 04:06:04] 前端重启失败
[2026-03-23 04:08:01] 前端服务挂了，正在重启...
[2026-03-23 04:08:04] 前端重启失败
[2026-03-23 04:10:02] 前端服务挂了，正在重启...
[2026-03-23 04:10:05] 前端重启失败
[2026-03-23 04:12:01] 前端服务挂了，正在重启...
[2026-03-23 04:12:04] 前端重启失败
[2026-03-23 04:14:01] 前端服务挂了，正在重启...
[2026-03-23 04:14:04] 前端重启失败
[2026-03-23 04:16:01] 前端服务挂了，正在重启...
[2026-03-23 04:16:04] 前端重启失败
[2026-03-23 04:18:01] 前端服务挂了，正在重启...
[2026-03-23 04:18:04] 前端重启失败
[2026-03-23 04:20:02] 前端服务挂了，正在重启...
[2026-03-23 04:20:05] 前端重启失败
[2026-03-23 04:22:01] 前端服务挂了，正在重启...
[2026-03-23 04:22:04] 前端重启失败
[2026-03-23 04:24:01] 前端服务挂了，正在重启...
[2026-03-23 04:24:04] 前端重启失败
[2026-03-23 04:26:01] 前端服务挂了，正在重启...
[2026-03-23 04:26:04] 前端重启失败
[2026-03-23 04:28:01] 前端服务挂了，正在重启...
[2026-03-23 04:28:04] 前端重启失败
[2026-03-23 04:30:02] 前端服务挂了，正在重启...
[2026-03-23 04:30:05] 前端重启失败
[2026-03-23 04:32:01] 前端服务挂了，正在重启...
[2026-03-23 04:32:04] 前端重启失败
[2026-03-23 04:34:01] 前端服务挂了，正在重启...
[2026-03-23 04:34:04] 前端重启失败
[2026-03-23 04:36:01] 前端服务挂了，正在重启...
[2026-03-23 04:36:04] 前端重启失败
[2026-03-23 04:38:01] 前端服务挂了，正在重启...
[2026-03-23 04:38:04] 前端重启失败
[2026-03-23 04:40:02] 前端服务挂了，正在重启...
[2026-03-23 04:40:05] 前端重启失败
[2026-03-23 04:42:01] 前端服务挂了，正在重启...
[2026-03-23 04:42:04] 前端重启失败
[2026-03-23 04:44:01] 前端服务挂了，正在重启...
[2026-03-23 04:44:04] 前端重启失败
[2026-03-23 04:46:01] 前端服务挂了，正在重启...
[2026-03-23 04:46:04] 前端重启失败
[2026-03-23 04:48:01] 前端服务挂了，正在重启...
[2026-03-23 04:48:04] 前端重启失败
[2026-03-23 04:50:01] 前端服务挂了，正在重启...
[2026-03-23 04:50:04] 前端重启失败
[2026-03-23 04:52:01] 前端服务挂了，正在重启...
[2026-03-23 04:52:04] 前端重启失败
[2026-03-23 04:54:01] 前端服务挂了，正在重启...
[2026-03-23 04:54:04] 前端重启失败
[2026-03-23 04:56:01] 前端服务挂了，正在重启...
[2026-03-23 04:56:04] 前端重启失败
[2026-03-23 04:58:01] 前端服务挂了，正在重启...
[2026-03-23 04:58:05] 前端重启失败
[2026-03-23 05:00:01] 前端服务挂了，正在重启...
[2026-03-23 05:00:04] 前端重启失败
[2026-03-23 05:02:01] 前端服务挂了，正在重启...
[2026-03-23 05:02:04] 前端重启失败
[2026-03-23 05:04:01] 前端服务挂了，正在重启...
[2026-03-23 05:04:04] 前端重启失败
[2026-03-23 05:06:01] 前端服务挂了，正在重启...
[2026-03-23 05:06:04] 前端重启失败
[2026-03-23 05:08:02] 前端服务挂了，正在重启...
[2026-03-23 05:08:05] 前端重启失败
[2026-03-23 05:10:01] 前端服务挂了，正在重启...
[2026-03-23 05:10:04] 前端重启失败
[2026-03-23 05:12:01] 前端服务挂了，正在重启...
[2026-03-23 05:12:04] 前端重启失败
[2026-03-23 05:14:01] 前端服务挂了，正在重启...
[2026-03-23 05:14:04] 前端重启失败
[2026-03-23 05:16:01] 前端服务挂了，正在重启...
[2026-03-23 05:16:04] 前端重启失败
[2026-03-23 05:18:02] 前端服务挂了，正在重启...
[2026-03-23 05:18:05] 前端重启失败
[2026-03-23 05:20:01] 前端服务挂了，正在重启...
[2026-03-23 05:20:04] 前端重启失败
[2026-03-23 05:22:01] 前端服务挂了，正在重启...
[2026-03-23 05:22:04] 前端重启失败
[2026-03-23 05:24:01] 前端服务挂了，正在重启...
[2026-03-23 05:24:04] 前端重启失败
[2026-03-23 05:26:01] 前端服务挂了，正在重启...
[2026-03-23 05:26:05] 前端重启失败
[2026-03-23 05:28:01] 前端服务挂了，正在重启...
[2026-03-23 05:28:04] 前端重启失败
[2026-03-23 05:30:01] 前端服务挂了，正在重启...
[2026-03-23 05:30:04] 前端重启失败
[2026-03-23 05:32:01] 前端服务挂了，正在重启...
[2026-03-23 05:32:04] 前端重启失败
[2026-03-23 05:34:01] 前端服务挂了，正在重启...
[2026-03-23 05:34:04] 前端重启失败
[2026-03-23 05:36:01] 前端服务挂了，正在重启...
[2026-03-23 05:36:05] 前端重启失败
[2026-03-23 05:38:01] 前端服务挂了，正在重启...
[2026-03-23 05:38:04] 前端重启失败
[2026-03-23 05:40:01] 前端服务挂了，正在重启...
[2026-03-23 05:40:04] 前端重启失败
[2026-03-23 05:42:01] 前端服务挂了，正在重启...
[2026-03-23 05:42:04] 前端重启失败
[2026-03-23 05:44:01] 前端服务挂了，正在重启...
[2026-03-23 05:44:04] 前端重启失败
[2026-03-23 05:46:01] 前端服务挂了，正在重启...
[2026-03-23 05:46:04] 前端重启失败
[2026-03-23 05:48:01] 前端服务挂了，正在重启...
[2026-03-23 05:48:04] 前端重启失败
[2026-03-23 05:50:01] 前端服务挂了，正在重启...
[2026-03-23 05:50:04] 前端重启失败
[2026-03-23 05:52:01] 前端服务挂了，正在重启...
[2026-03-23 05:52:04] 前端重启失败
[2026-03-23 05:54:01] 前端服务挂了，正在重启...
[2026-03-23 05:54:04] 前端重启失败
[2026-03-23 05:56:01] 前端服务挂了，正在重启...
[2026-03-23 05:56:05] 前端重启失败
[2026-03-23 05:58:01] 前端服务挂了，正在重启...
[2026-03-23 05:58:04] 前端重启失败
[2026-03-23 06:00:01] 前端服务挂了，正在重启...
[2026-03-23 06:00:04] 前端重启失败
[2026-03-23 06:02:02] 前端服务挂了，正在重启...
[2026-03-23 06:02:05] 前端重启失败
[2026-03-23 06:04:01] 前端服务挂了，正在重启...
[2026-03-23 06:04:04] 前端重启失败
[2026-03-23 06:06:01] 前端服务挂了，正在重启...
[2026-03-23 06:06:04] 前端重启失败
[2026-03-23 06:08:01] 前端服务挂了，正在重启...
[2026-03-23 06:08:04] 前端重启失败
[2026-03-23 06:10:01] 前端服务挂了，正在重启...
[2026-03-23 06:10:04] 前端重启失败
[2026-03-23 06:12:02] 前端服务挂了，正在重启...
[2026-03-23 06:12:05] 前端重启失败
[2026-03-23 06:14:01] 前端服务挂了，正在重启...
[2026-03-23 06:14:04] 前端重启失败
[2026-03-23 06:16:01] 前端服务挂了，正在重启...
[2026-03-23 06:16:04] 前端重启失败
[2026-03-23 06:18:01] 前端服务挂了，正在重启...
[2026-03-23 06:18:04] 前端重启失败
[2026-03-23 06:20:01] 前端服务挂了，正在重启...
[2026-03-23 06:20:04] 前端重启失败
[2026-03-23 06:22:02] 前端服务挂了，正在重启...
[2026-03-23 06:22:05] 前端重启失败
[2026-03-23 06:24:01] 前端服务挂了，正在重启...
[2026-03-23 06:24:04] 前端重启失败
[2026-03-23 06:26:01] 前端服务挂了，正在重启...
[2026-03-23 06:26:04] 前端重启失败
[2026-03-23 06:28:01] 前端服务挂了，正在重启...
[2026-03-23 06:28:04] 前端重启失败
[2026-03-23 06:30:01] 前端服务挂了，正在重启...
[2026-03-23 06:30:04] 前端重启失败
[2026-03-23 06:32:02] 前端服务挂了，正在重启...
[2026-03-23 06:32:05] 前端重启失败
[2026-03-23 06:34:01] 前端服务挂了，正在重启...
[2026-03-23 06:34:04] 前端重启失败
[2026-03-23 06:36:01] 前端服务挂了，正在重启...
[2026-03-23 06:36:04] 前端重启失败
[2026-03-23 06:38:01] 前端服务挂了，正在重启...
[2026-03-23 06:38:04] 前端重启失败
[2026-03-23 06:40:01] 前端服务挂了，正在重启...
[2026-03-23 06:40:04] 前端重启失败
[2026-03-23 06:42:02] 前端服务挂了，正在重启...
[2026-03-23 06:42:05] 前端重启失败
[2026-03-23 06:44:01] 前端服务挂了，正在重启...
[2026-03-23 06:44:04] 前端重启失败
[2026-03-23 06:46:01] 前端服务挂了，正在重启...
[2026-03-23 06:46:04] 前端重启失败
[2026-03-23 06:48:01] 前端服务挂了，正在重启...
[2026-03-23 06:48:04] 前端重启失败
[2026-03-23 06:50:01] 前端服务挂了，正在重启...
[2026-03-23 06:50:04] 前端重启失败
[2026-03-23 06:52:02] 前端服务挂了，正在重启...
[2026-03-23 06:52:05] 前端重启失败
[2026-03-23 06:54:01] 前端服务挂了，正在重启...
[2026-03-23 06:54:04] 前端重启失败
[2026-03-23 06:56:01] 前端服务挂了，正在重启...
[2026-03-23 06:56:04] 前端重启失败
[2026-03-23 06:58:01] 前端服务挂了，正在重启...
[2026-03-23 06:58:04] 前端重启失败
[2026-03-23 07:00:01] 前端服务挂了，正在重启...
[2026-03-23 07:00:04] 前端重启失败
[2026-03-23 07:02:01] 前端服务挂了，正在重启...
[2026-03-23 07:02:04] 前端重启失败
[2026-03-23 07:04:01] 前端服务挂了，正在重启...
[2026-03-23 07:04:04] 前端重启失败
[2026-03-23 07:06:01] 前端服务挂了，正在重启...
[2026-03-23 07:06:04] 前端重启失败
[2026-03-23 07:08:01] 前端服务挂了，正在重启...
[2026-03-23 07:08:04] 前端重启失败
[2026-03-23 07:10:01] 前端服务挂了，正在重启...
[2026-03-23 07:10:05] 前端重启失败
[2026-03-23 07:12:01] 前端服务挂了，正在重启...
[2026-03-23 07:12:04] 前端重启失败
[2026-03-23 07:14:01] 前端服务挂了，正在重启...
[2026-03-23 07:14:04] 前端重启失败
[2026-03-23 07:16:01] 前端服务挂了，正在重启...
[2026-03-23 07:16:04] 前端重启失败
[2026-03-23 07:18:01] 前端服务挂了，正在重启...
[2026-03-23 07:18:04] 前端重启失败
[2026-03-23 07:20:01] 前端服务挂了，正在重启...
[2026-03-23 07:20:05] 前端重启失败
[2026-03-23 07:22:01] 前端服务挂了，正在重启...
[2026-03-23 07:22:04] 前端重启失败
[2026-03-23 07:24:01] 前端服务挂了，正在重启...
[2026-03-23 07:24:04] 前端重启失败
[2026-03-23 07:26:01] 前端服务挂了，正在重启...
[2026-03-23 07:26:04] 前端重启失败
[2026-03-23 07:28:01] 前端服务挂了，正在重启...
[2026-03-23 07:28:04] 前端重启失败
[2026-03-23 07:30:01] 前端服务挂了，正在重启...
[2026-03-23 07:30:05] 前端重启失败
[2026-03-23 07:32:01] 前端服务挂了，正在重启...
[2026-03-23 07:32:04] 前端重启失败
[2026-03-23 07:34:01] 前端服务挂了，正在重启...
[2026-03-23 07:34:04] 前端重启失败
[2026-03-23 07:36:01] 前端服务挂了，正在重启...
[2026-03-23 07:36:04] 前端重启失败
[2026-03-23 07:38:01] 前端服务挂了，正在重启...
[2026-03-23 07:38:04] 前端重启失败
[2026-03-23 07:40:02] 前端服务挂了，正在重启...
[2026-03-23 07:40:05] 前端重启失败
[2026-03-23 07:42:01] 前端服务挂了，正在重启...
[2026-03-23 07:42:04] 前端重启失败
[2026-03-23 07:44:01] 前端服务挂了，正在重启...
[2026-03-23 07:44:04] 前端重启失败
[2026-03-23 07:46:01] 前端服务挂了，正在重启...
[2026-03-23 07:46:04] 前端重启失败
[2026-03-23 07:48:01] 前端服务挂了，正在重启...
[2026-03-23 07:48:04] 前端重启失败
[2026-03-23 07:50:02] 前端服务挂了，正在重启...
[2026-03-23 07:50:05] 前端重启失败
[2026-03-23 07:52:01] 前端服务挂了，正在重启...
[2026-03-23 07:52:04] 前端重启失败
[2026-03-23 07:54:01] 前端服务挂了，正在重启...
[2026-03-23 07:54:04] 前端重启失败
[2026-03-23 07:56:01] 前端服务挂了，正在重启...
[2026-03-23 07:56:04] 前端重启失败
[2026-03-23 07:58:01] 前端服务挂了，正在重启...
[2026-03-23 07:58:04] 前端重启失败
[2026-03-23 08:00:02] 前端服务挂了，正在重启...
[2026-03-23 08:00:05] 前端重启失败
[2026-03-23 08:02:01] 前端服务挂了，正在重启...
[2026-03-23 08:02:04] 前端重启失败
[2026-03-23 08:04:01] 前端服务挂了，正在重启...
[2026-03-23 08:04:04] 前端重启失败
[2026-03-23 08:06:01] 前端服务挂了，正在重启...
[2026-03-23 08:06:04] 前端重启失败
[2026-03-23 08:08:01] 前端服务挂了，正在重启...
[2026-03-23 08:08:04] 前端重启失败
[2026-03-23 08:10:02] 前端服务挂了，正在重启...
[2026-03-23 08:10:05] 前端重启失败
[2026-03-23 08:12:01] 前端服务挂了，正在重启...
[2026-03-23 08:12:04] 前端重启失败
[2026-03-23 08:14:01] 前端服务挂了，正在重启...
[2026-03-23 08:14:04] 前端重启失败
[2026-03-23 08:16:01] 前端服务挂了，正在重启...
[2026-03-23 08:16:04] 前端重启失败
[2026-03-23 08:18:01] 前端服务挂了，正在重启...
[2026-03-23 08:18:04] 前端重启失败
[2026-03-23 08:20:02] 前端服务挂了，正在重启...
[2026-03-23 08:20:05] 前端重启失败
[2026-03-23 08:22:01] 前端服务挂了，正在重启...
[2026-03-23 08:22:04] 前端重启失败
[2026-03-23 08:24:01] 前端服务挂了，正在重启...
[2026-03-23 08:24:04] 前端重启失败
[2026-03-23 08:26:01] 前端服务挂了，正在重启...
[2026-03-23 08:26:04] 前端重启失败
[2026-03-23 08:28:01] 前端服务挂了，正在重启...
[2026-03-23 08:28:04] 前端重启失败
[2026-03-23 08:30:02] 前端服务挂了，正在重启...
[2026-03-23 08:30:05] 前端重启失败
[2026-03-23 08:32:01] 前端服务挂了，正在重启...
[2026-03-23 08:32:04] 前端重启失败
[2026-03-23 08:34:01] 前端服务挂了，正在重启...
[2026-03-23 08:34:04] 前端重启失败
[2026-03-23 08:36:01] 前端服务挂了，正在重启...
[2026-03-23 08:36:04] 前端重启失败
[2026-03-23 08:38:01] 前端服务挂了，正在重启...
[2026-03-23 08:38:04] 前端重启失败
[2026-03-23 08:40:02] 前端服务挂了，正在重启...
[2026-03-23 08:40:05] 前端重启失败
[2026-03-23 08:42:01] 前端服务挂了，正在重启...
[2026-03-23 08:42:04] 前端重启失败
[2026-03-23 08:44:01] 前端服务挂了，正在重启...
[2026-03-23 08:44:04] 前端重启失败
[2026-03-23 08:46:01] 前端服务挂了，正在重启...
[2026-03-23 08:46:04] 前端重启失败
[2026-03-23 08:48:01] 前端服务挂了，正在重启...
[2026-03-23 08:48:04] 前端重启失败
[2026-03-23 08:50:02] 前端服务挂了，正在重启...
[2026-03-23 08:50:05] 前端重启失败
[2026-03-23 08:52:01] 前端服务挂了，正在重启...
[2026-03-23 08:52:04] 前端重启失败
[2026-03-23 08:54:01] 前端服务挂了，正在重启...
[2026-03-23 08:54:04] 前端重启失败
[2026-03-23 08:56:01] 前端服务挂了，正在重启...
[2026-03-23 08:56:04] 前端重启失败
[2026-03-23 08:58:01] 前端服务挂了，正在重启...
[2026-03-23 08:58:04] 前端重启失败
[2026-03-23 09:00:02] 前端服务挂了，正在重启...
[2026-03-23 09:00:05] 前端重启失败
[2026-03-23 09:02:01] 前端服务挂了，正在重启...
[2026-03-23 09:02:04] 前端重启失败
[2026-03-23 09:04:01] 前端服务挂了，正在重启...
[2026-03-23 09:04:04] 前端重启失败
[2026-03-23 09:06:01] 前端服务挂了，正在重启...
[2026-03-23 09:06:04] 前端重启失败
[2026-03-23 09:08:02] 前端服务挂了，正在重启...
[2026-03-23 09:08:05] 前端重启失败
[2026-03-23 09:10:01] 前端服务挂了，正在重启...
[2026-03-23 09:10:04] 前端重启失败
[2026-03-23 09:12:01] 前端服务挂了，正在重启...
[2026-03-23 09:12:04] 前端重启失败
[2026-03-23 09:14:01] 前端服务挂了，正在重启...
[2026-03-23 09:14:04] 前端重启失败
[2026-03-23 09:16:01] 前端服务挂了，正在重启...
[2026-03-23 09:16:04] 前端重启失败
[2026-03-23 09:18:02] 前端服务挂了，正在重启...
[2026-03-23 09:18:05] 前端重启失败
[2026-03-23 09:20:01] 前端服务挂了，正在重启...
[2026-03-23 09:20:04] 前端重启失败
[2026-03-23 09:22:01] 前端服务挂了，正在重启...
[2026-03-23 09:22:04] 前端重启失败
[2026-03-23 09:24:01] 前端服务挂了，正在重启...
[2026-03-23 09:24:04] 前端重启失败
[2026-03-23 09:26:01] 前端服务挂了，正在重启...
[2026-03-23 09:26:04] 前端重启失败
[2026-03-23 09:28:01] 前端服务挂了，正在重启...
[2026-03-23 09:28:04] 前端重启失败
[2026-03-23 09:30:01] 前端服务挂了，正在重启...
[2026-03-23 09:30:04] 前端重启失败
[2026-03-23 09:32:01] 前端服务挂了，正在重启...
[2026-03-23 09:32:04] 前端重启失败
[2026-03-23 09:34:01] 前端服务挂了，正在重启...
[2026-03-23 09:34:04] 前端重启失败
[2026-03-23 09:36:01] 前端服务挂了，正在重启...
[2026-03-23 09:36:04] 前端重启失败
[2026-03-23 09:38:02] 前端服务挂了，正在重启...
[2026-03-23 09:38:05] 前端重启失败
[2026-03-23 09:40:01] 前端服务挂了，正在重启...
[2026-03-23 09:40:04] 前端重启失败
[2026-03-23 09:42:01] 前端服务挂了，正在重启...
[2026-03-23 09:42:04] 前端重启失败
[2026-03-23 09:44:01] 前端服务挂了，正在重启...
[2026-03-23 09:44:04] 前端重启失败
[2026-03-23 09:46:01] 前端服务挂了，正在重启...
[2026-03-23 09:46:04] 前端重启失败
[2026-03-23 09:48:02] 前端服务挂了，正在重启...
[2026-03-23 09:48:05] 前端重启失败
[2026-03-23 09:50:01] 前端服务挂了，正在重启...
[2026-03-23 09:50:04] 前端重启失败
[2026-03-23 09:52:01] 前端服务挂了，正在重启...
[2026-03-23 09:52:04] 前端重启失败
[2026-03-23 09:54:01] 前端服务挂了，正在重启...
[2026-03-23 09:54:04] 前端重启失败
[2026-03-23 09:56:01] 前端服务挂了，正在重启...
[2026-03-23 09:56:04] 前端重启失败
[2026-03-23 09:58:02] 前端服务挂了，正在重启...
[2026-03-23 09:58:05] 前端重启失败
[2026-03-23 10:00:01] 前端服务挂了，正在重启...
[2026-03-23 10:00:04] 前端重启失败
[2026-03-23 10:02:01] 前端服务挂了，正在重启...
[2026-03-23 10:02:04] 前端重启失败
[2026-03-23 10:04:01] 前端服务挂了，正在重启...
[2026-03-23 10:04:04] 前端重启失败
[2026-03-23 10:06:01] 前端服务挂了，正在重启...
[2026-03-23 10:06:05] 前端重启失败
[2026-03-23 10:08:01] 前端服务挂了，正在重启...
[2026-03-23 10:08:04] 前端重启失败
[2026-03-23 10:10:01] 前端服务挂了，正在重启...
[2026-03-23 10:10:04] 前端重启失败
[2026-03-23 10:12:01] 前端服务挂了，正在重启...
[2026-03-23 10:12:04] 前端重启失败
[2026-03-23 10:14:01] 前端服务挂了，正在重启...
[2026-03-23 10:14:04] 前端重启失败
[2026-03-23 10:16:01] 前端服务挂了，正在重启...
[2026-03-23 10:16:05] 前端重启失败
[2026-03-23 10:18:01] 前端服务挂了，正在重启...
[2026-03-23 10:18:04] 前端重启失败
[2026-03-23 10:20:01] 前端服务挂了，正在重启...
[2026-03-23 10:20:04] 前端重启失败
[2026-03-23 10:22:01] 前端服务挂了，正在重启...
[2026-03-23 10:22:04] 前端重启失败
[2026-03-23 10:24:01] 前端服务挂了，正在重启...
[2026-03-23 10:24:04] 前端重启失败
[2026-03-23 10:26:02] 前端服务挂了，正在重启...
[2026-03-23 10:26:05] 前端重启失败
[2026-03-23 10:28:01] 前端服务挂了，正在重启...
[2026-03-23 10:28:04] 前端重启失败
[2026-03-23 10:30:01] 前端服务挂了，正在重启...
[2026-03-23 10:30:04] 前端重启失败
[2026-03-23 10:32:01] 前端服务挂了，正在重启...
[2026-03-23 10:32:04] 前端重启失败
[2026-03-23 10:34:01] 前端服务挂了，正在重启...
[2026-03-23 10:34:04] 前端重启失败
[2026-03-23 10:36:02] 前端服务挂了，正在重启...
[2026-03-23 10:36:05] 前端重启失败
[2026-03-23 10:38:01] 前端服务挂了，正在重启...
[2026-03-23 10:38:04] 前端重启失败
[2026-03-23 10:40:01] 前端服务挂了，正在重启...
[2026-03-23 10:40:04] 前端重启失败
[2026-03-23 10:42:01] 前端服务挂了，正在重启...
[2026-03-23 10:42:04] 前端重启失败
[2026-03-23 10:44:01] 前端服务挂了，正在重启...
[2026-03-23 10:44:04] 前端重启失败
[2026-03-23 10:46:02] 前端服务挂了，正在重启...
[2026-03-23 10:46:05] 前端重启失败
[2026-03-23 10:48:01] 前端服务挂了，正在重启...
[2026-03-23 10:48:04] 前端重启失败
[2026-03-23 10:50:01] 前端服务挂了，正在重启...
[2026-03-23 10:50:04] 前端重启失败
[2026-03-23 10:52:01] 前端服务挂了，正在重启...
[2026-03-23 10:52:04] 前端重启失败
[2026-03-23 10:54:01] 前端服务挂了，正在重启...
[2026-03-23 10:54:04] 前端重启失败
[2026-03-23 10:56:02] 前端服务挂了，正在重启...
[2026-03-23 10:56:05] 前端重启失败
[2026-03-23 10:58:01] 前端服务挂了，正在重启...
[2026-03-23 10:58:04] 前端重启失败
[2026-03-23 11:00:01] 前端服务挂了，正在重启...
[2026-03-23 11:00:04] 前端重启失败
[2026-03-23 11:02:01] 前端服务挂了，正在重启...
[2026-03-23 11:02:04] 前端重启失败
[2026-03-23 11:04:01] 前端服务挂了，正在重启...
[2026-03-23 11:04:05] 前端重启失败
[2026-03-23 11:06:01] 前端服务挂了，正在重启...
[2026-03-23 11:06:04] 前端重启失败
[2026-03-23 11:08:01] 前端服务挂了，正在重启...
[2026-03-23 11:08:04] 前端重启失败
[2026-03-23 11:10:01] 前端服务挂了，正在重启...
[2026-03-23 11:10:04] 前端重启失败
[2026-03-23 11:12:01] 前端服务挂了，正在重启...
[2026-03-23 11:12:04] 前端重启失败
[2026-03-23 11:14:01] 前端服务挂了，正在重启...
[2026-03-23 11:14:04] 前端重启失败
[2026-03-23 11:16:01] 前端服务挂了，正在重启...
[2026-03-23 11:16:04] 前端重启失败
[2026-03-23 11:18:01] 前端服务挂了，正在重启...
[2026-03-23 11:18:04] 前端重启失败
[2026-03-23 11:20:01] 前端服务挂了，正在重启...
[2026-03-23 11:20:04] 前端重启失败
[2026-03-23 11:22:01] 前端服务挂了，正在重启...
[2026-03-23 11:22:04] 前端重启失败
[2026-03-23 11:24:01] 前端服务挂了，正在重启...
[2026-03-23 11:24:04] 前端重启失败
[2026-03-23 11:26:01] 前端服务挂了，正在重启...
[2026-03-23 11:26:04] 前端重启失败
[2026-03-23 11:28:01] 前端服务挂了，正在重启...
[2026-03-23 11:28:04] 前端重启失败
[2026-03-23 11:30:01] 前端服务挂了，正在重启...
[2026-03-23 11:30:04] 前端重启失败
[2026-03-23 11:32:01] 前端服务挂了，正在重启...
[2026-03-23 11:32:04] 前端重启失败
[2026-03-23 11:34:02] 前端服务挂了，正在重启...
[2026-03-23 11:34:05] 前端重启失败
[2026-03-23 11:36:01] 前端服务挂了，正在重启...
[2026-03-23 11:36:04] 前端重启失败
[2026-03-23 11:38:01] 前端服务挂了，正在重启...
[2026-03-23 11:38:04] 前端重启失败
[2026-03-23 11:40:01] 前端服务挂了，正在重启...
[2026-03-23 11:40:04] 前端重启失败
[2026-03-23 11:42:01] 前端服务挂了，正在重启...
[2026-03-23 11:42:04] 前端重启失败
[2026-03-23 11:44:02] 前端服务挂了，正在重启...
[2026-03-23 11:44:05] 前端重启失败
[2026-03-23 11:46:01] 前端服务挂了，正在重启...
[2026-03-23 11:46:04] 前端重启失败
[2026-03-23 11:48:01] 前端服务挂了，正在重启...
[2026-03-23 11:48:04] 前端重启失败
[2026-03-23 11:50:01] 前端服务挂了，正在重启...
[2026-03-23 11:50:04] 前端重启失败
[2026-03-23 11:52:01] 前端服务挂了，正在重启...
[2026-03-23 11:52:04] 前端重启失败
[2026-03-23 11:54:02] 前端服务挂了，正在重启...
[2026-03-23 11:54:05] 前端重启失败
[2026-03-23 11:56:01] 前端服务挂了，正在重启...
[2026-03-23 11:56:04] 前端重启失败
[2026-03-23 11:58:01] 前端服务挂了，正在重启...
[2026-03-23 11:58:04] 前端重启失败
[2026-03-23 12:00:01] 前端服务挂了，正在重启...
[2026-03-23 12:00:04] 前端重启失败
[2026-03-23 12:02:02] 前端服务挂了，正在重启...
[2026-03-23 12:02:05] 前端重启失败
[2026-03-23 12:04:01] 前端服务挂了，正在重启...
[2026-03-23 12:04:04] 前端重启失败
[2026-03-23 12:06:01] 前端服务挂了，正在重启...
[2026-03-23 12:06:04] 前端重启失败
[2026-03-23 12:08:01] 前端服务挂了，正在重启...
[2026-03-23 12:08:04] 前端重启失败
[2026-03-23 12:10:01] 前端服务挂了，正在重启...
[2026-03-23 12:10:04] 前端重启失败
[2026-03-23 12:12:02] 前端服务挂了，正在重启...
[2026-03-23 12:12:05] 前端重启失败
[2026-03-23 12:14:01] 前端服务挂了，正在重启...
[2026-03-23 12:14:04] 前端重启失败
[2026-03-23 12:16:01] 前端服务挂了，正在重启...
[2026-03-23 12:16:04] 前端重启失败
[2026-03-23 12:18:01] 前端服务挂了，正在重启...
[2026-03-23 12:18:04] 前端重启失败
[2026-03-23 12:20:01] 前端服务挂了，正在重启...
[2026-03-23 12:20:04] 前端重启失败
[2026-03-23 12:22:02] 前端服务挂了，正在重启...
[2026-03-23 12:22:05] 前端重启失败
[2026-03-23 12:24:01] 前端服务挂了，正在重启...
[2026-03-23 12:24:04] 前端重启失败
[2026-03-23 12:26:01] 前端服务挂了，正在重启...
[2026-03-23 12:26:04] 前端重启失败
[2026-03-23 12:28:01] 前端服务挂了，正在重启...
[2026-03-23 12:28:04] 前端重启失败
[2026-03-23 12:30:01] 前端服务挂了，正在重启...
[2026-03-23 12:30:04] 前端重启失败
[2026-03-23 12:32:02] 前端服务挂了，正在重启...
[2026-03-23 12:32:05] 前端重启失败
[2026-03-23 12:34:01] 前端服务挂了，正在重启...
[2026-03-23 12:34:04] 前端重启失败
[2026-03-23 12:36:01] 前端服务挂了，正在重启...
[2026-03-23 12:36:04] 前端重启失败
[2026-03-23 12:38:01] 前端服务挂了，正在重启...
[2026-03-23 12:38:04] 前端重启失败
[2026-03-23 12:40:01] 前端服务挂了，正在重启...
[2026-03-23 12:40:04] 前端重启失败
[2026-03-23 12:42:02] 前端服务挂了，正在重启...
[2026-03-23 12:42:05] 前端重启失败
[2026-03-23 12:44:01] 前端服务挂了，正在重启...
[2026-03-23 12:44:04] 前端重启失败
[2026-03-23 12:46:01] 前端服务挂了，正在重启...
[2026-03-23 12:46:04] 前端重启失败
[2026-03-23 12:48:01] 前端服务挂了，正在重启...
[2026-03-23 12:48:04] 前端重启失败
[2026-03-23 12:50:01] 前端服务挂了，正在重启...
[2026-03-23 12:50:04] 前端重启失败
[2026-03-23 12:52:02] 前端服务挂了，正在重启...
[2026-03-23 12:52:05] 前端重启失败
[2026-03-23 12:54:01] 前端服务挂了，正在重启...
[2026-03-23 12:54:04] 前端重启失败
[2026-03-23 12:56:01] 前端服务挂了，正在重启...
[2026-03-23 12:56:04] 前端重启失败
[2026-03-23 12:58:01] 前端服务挂了，正在重启...
[2026-03-23 12:58:04] 前端重启失败
[2026-03-23 13:00:02] 前端服务挂了，正在重启...
[2026-03-23 13:00:05] 前端重启失败
[2026-03-23 13:02:01] 前端服务挂了，正在重启...
[2026-03-23 13:02:04] 前端重启失败
[2026-03-23 13:04:01] 前端服务挂了，正在重启...
[2026-03-23 13:04:04] 前端重启失败
[2026-03-23 13:06:01] 前端服务挂了，正在重启...
[2026-03-23 13:06:04] 前端重启失败
[2026-03-23 13:08:01] 前端服务挂了，正在重启...
[2026-03-23 13:08:04] 前端重启失败
[2026-03-23 13:10:02] 前端服务挂了，正在重启...
[2026-03-23 13:10:05] 前端重启失败
[2026-03-23 13:12:01] 前端服务挂了，正在重启...
[2026-03-23 13:12:04] 前端重启失败
[2026-03-23 13:14:01] 前端服务挂了，正在重启...
[2026-03-23 13:14:04] 前端重启失败
[2026-03-23 13:16:01] 前端服务挂了，正在重启...
[2026-03-23 13:16:04] 前端重启失败
[2026-03-23 13:18:01] 前端服务挂了，正在重启...
[2026-03-23 13:18:04] 前端重启失败
[2026-03-23 13:20:02] 前端服务挂了，正在重启...
[2026-03-23 13:20:05] 前端重启失败
[2026-03-23 13:22:01] 前端服务挂了，正在重启...
[2026-03-23 13:22:04] 前端重启失败
[2026-03-23 13:24:01] 前端服务挂了，正在重启...
[2026-03-23 13:24:04] 前端重启失败
[2026-03-23 13:26:01] 前端服务挂了，正在重启...
[2026-03-23 13:26:04] 前端重启失败
[2026-03-23 13:28:01] 前端服务挂了，正在重启...
[2026-03-23 13:28:04] 前端重启失败
[2026-03-23 13:30:02] 前端服务挂了，正在重启...
[2026-03-23 13:30:05] 前端重启失败
[2026-03-23 13:32:01] 前端服务挂了，正在重启...
[2026-03-23 13:32:04] 前端重启失败
[2026-03-23 13:34:01] 前端服务挂了，正在重启...
[2026-03-23 13:34:04] 前端重启失败
[2026-03-23 13:36:01] 前端服务挂了，正在重启...
[2026-03-23 13:36:04] 前端重启失败
[2026-03-23 13:38:01] 前端服务挂了，正在重启...
[2026-03-23 13:38:04] 前端重启失败
[2026-03-23 13:40:02] 前端服务挂了，正在重启...
[2026-03-23 13:40:05] 前端重启失败
[2026-03-23 13:42:01] 前端服务挂了，正在重启...
[2026-03-23 13:42:04] 前端重启失败
[2026-03-23 13:44:01] 前端服务挂了，正在重启...
[2026-03-23 13:44:04] 前端重启失败
[2026-03-23 13:46:01] 前端服务挂了，正在重启...
[2026-03-23 13:46:04] 前端重启失败
[2026-03-23 13:48:02] 前端服务挂了，正在重启...
[2026-03-23 13:48:05] 前端重启失败
[2026-03-23 13:50:01] 前端服务挂了，正在重启...
[2026-03-23 13:50:04] 前端重启失败
[2026-03-23 13:52:01] 前端服务挂了，正在重启...
[2026-03-23 13:52:04] 前端重启失败
[2026-03-23 13:54:01] 前端服务挂了，正在重启...
[2026-03-23 13:54:04] 前端重启失败
[2026-03-23 13:56:01] 前端服务挂了，正在重启...
[2026-03-23 13:56:04] 前端重启失败
[2026-03-23 13:58:02] 前端服务挂了，正在重启...
[2026-03-23 13:58:05] 前端重启失败
[2026-03-23 14:00:01] 前端服务挂了，正在重启...
[2026-03-23 14:00:04] 前端重启失败
[2026-03-23 14:02:01] 前端服务挂了，正在重启...
[2026-03-23 14:02:04] 前端重启失败
[2026-03-23 14:04:01] 前端服务挂了，正在重启...
[2026-03-23 14:04:04] 前端重启失败
[2026-03-23 14:06:02] 前端服务挂了，正在重启...
[2026-03-23 14:06:05] 前端重启失败
[2026-03-23 14:08:01] 前端服务挂了，正在重启...
[2026-03-23 14:08:04] 前端重启失败
[2026-03-23 14:10:01] 前端服务挂了，正在重启...
[2026-03-23 14:10:04] 前端重启失败
[2026-03-23 14:12:01] 前端服务挂了，正在重启...
[2026-03-23 14:12:04] 前端重启失败
[2026-03-23 14:14:01] 前端服务挂了，正在重启...
[2026-03-23 14:14:04] 前端重启失败
[2026-03-23 14:16:01] 前端服务挂了，正在重启...
[2026-03-23 14:16:04] 前端重启失败
[2026-03-23 14:18:01] 前端服务挂了，正在重启...
[2026-03-23 14:18:04] 前端重启失败
[2026-03-23 14:20:02] 前端服务挂了，正在重启...
[2026-03-23 14:20:05] 前端重启失败
[2026-03-23 14:22:01] 后端服务挂了，正在重启...
[2026-03-23 14:22:04] 后端重启失败
[2026-03-23 14:22:04] 前端服务挂了，正在重启...
[2026-03-23 14:22:07] 前端重启失败
[2026-03-23 14:24:01] 前端服务挂了，正在重启...
[2026-03-23 14:24:04] 前端重启失败
[2026-03-23 14:26:02] 前端服务挂了，正在重启...
[2026-03-23 14:26:05] 前端重启失败
[2026-03-23 14:28:01] 前端服务挂了，正在重启...
[2026-03-23 14:28:04] 前端重启失败
[2026-03-23 14:30:01] 前端服务挂了，正在重启...
[2026-03-23 14:30:04] 前端重启失败
[2026-03-23 14:32:01] 前端服务挂了，正在重启...
[2026-03-23 14:32:04] 前端重启失败
[2026-03-23 14:34:02] 前端服务挂了，正在重启...
[2026-03-23 14:34:05] 前端重启失败
[2026-03-23 14:36:01] 前端服务挂了，正在重启...
[2026-03-23 14:36:04] 前端重启失败
[2026-03-23 14:38:01] 前端服务挂了，正在重启...
[2026-03-23 14:38:04] 前端重启失败
[2026-03-23 14:40:01] 前端服务挂了，正在重启...
[2026-03-23 14:40:04] 前端重启失败
[2026-03-23 14:42:02] 前端服务挂了，正在重启...
[2026-03-23 14:42:05] 前端重启失败
[2026-03-23 14:44:01] 前端服务挂了，正在重启...
[2026-03-23 14:44:04] 前端重启失败
[2026-03-23 14:46:01] 前端服务挂了，正在重启...
[2026-03-23 14:46:04] 前端重启失败
[2026-03-23 14:48:01] 前端服务挂了，正在重启...
[2026-03-23 14:48:04] 前端重启失败
[2026-03-23 14:50:01] 前端服务挂了，正在重启...
[2026-03-23 14:50:04] 前端重启失败
[2026-03-23 14:52:02] 前端服务挂了，正在重启...
[2026-03-23 14:52:05] 前端重启失败
[2026-03-23 14:54:01] 前端服务挂了，正在重启...
[2026-03-23 14:54:04] 前端重启失败
[2026-03-23 14:56:01] 前端服务挂了，正在重启...
[2026-03-23 14:56:04] 前端重启失败
[2026-03-23 14:58:01] 前端服务挂了，正在重启...
[2026-03-23 14:58:04] 前端重启失败
[2026-03-23 15:00:02] 前端服务挂了，正在重启...
[2026-03-23 15:00:05] 前端重启失败
[2026-03-23 15:02:01] 前端服务挂了，正在重启...
[2026-03-23 15:02:04] 前端重启失败
[2026-03-23 15:04:01] 前端服务挂了，正在重启...
[2026-03-23 15:04:04] 前端重启失败
[2026-03-23 15:06:01] 前端服务挂了，正在重启...
[2026-03-23 15:06:04] 前端重启失败
[2026-03-23 15:08:01] 前端服务挂了，正在重启...
[2026-03-23 15:08:04] 前端重启失败
[2026-03-23 15:10:02] 前端服务挂了，正在重启...
[2026-03-23 15:10:05] 前端重启失败
[2026-03-23 15:12:01] 前端服务挂了，正在重启...
[2026-03-23 15:12:04] 前端重启失败
[2026-03-23 15:14:01] 前端服务挂了，正在重启...
[2026-03-23 15:14:04] 前端重启失败
[2026-03-23 15:16:01] 前端服务挂了，正在重启...
[2026-03-23 15:16:04] 前端重启失败
[2026-03-23 15:18:01] 前端服务挂了，正在重启...
[2026-03-23 15:18:04] 前端重启失败
[2026-03-23 15:20:02] 前端服务挂了，正在重启...
[2026-03-23 15:20:05] 前端重启失败
[2026-03-23 15:22:01] 前端服务挂了，正在重启...
[2026-03-23 15:22:04] 前端重启失败
[2026-03-23 15:24:01] 前端服务挂了，正在重启...
[2026-03-23 15:24:04] 前端重启失败
[2026-03-23 15:26:01] 前端服务挂了，正在重启...
[2026-03-23 15:26:04] 前端重启失败
[2026-03-23 15:28:01] 前端服务挂了，正在重启...
[2026-03-23 15:28:04] 前端重启失败
[2026-03-23 15:30:02] 前端服务挂了，正在重启...
[2026-03-23 15:30:05] 前端重启失败
[2026-03-23 15:32:01] 前端服务挂了，正在重启...
[2026-03-23 15:32:04] 前端重启失败
[2026-03-23 15:34:01] 前端服务挂了，正在重启...
[2026-03-23 15:34:04] 前端重启失败
[2026-03-23 15:36:01] 前端服务挂了，正在重启...
[2026-03-23 15:36:04] 前端重启失败
[2026-03-23 15:38:01] 前端服务挂了，正在重启...
[2026-03-23 15:38:05] 前端重启失败
[2026-03-23 15:40:01] 前端服务挂了，正在重启...
[2026-03-23 15:40:04] 前端重启失败
[2026-03-23 15:42:01] 前端服务挂了，正在重启...
[2026-03-23 15:42:04] 前端重启失败
[2026-03-23 15:44:01] 前端服务挂了，正在重启...
[2026-03-23 15:44:04] 前端重启失败
[2026-03-23 15:46:01] 前端服务挂了，正在重启...
[2026-03-23 15:46:04] 前端重启失败
[2026-03-23 15:48:01] 前端服务挂了，正在重启...
[2026-03-23 15:48:05] 前端重启失败
[2026-03-23 15:50:01] 前端服务挂了，正在重启...
[2026-03-23 15:50:04] 前端重启失败
[2026-03-23 15:52:01] 前端服务挂了，正在重启...
[2026-03-23 15:52:04] 前端重启失败
[2026-03-23 15:54:01] 前端服务挂了，正在重启...
[2026-03-23 15:54:04] 前端重启失败
[2026-03-23 15:56:01] 前端服务挂了，正在重启...
[2026-03-23 15:56:04] 前端重启失败
[2026-03-23 15:58:01] 前端服务挂了，正在重启...
[2026-03-23 15:58:04] 前端重启失败
[2026-03-23 16:00:02] 前端服务挂了，正在重启...
[2026-03-23 16:00:05] 前端重启失败
[2026-03-23 16:02:01] 前端服务挂了，正在重启...
[2026-03-23 16:02:04] 前端重启失败
[2026-03-23 16:04:01] 前端服务挂了，正在重启...
[2026-03-23 16:04:04] 前端重启失败
[2026-03-23 16:06:01] 前端服务挂了，正在重启...
[2026-03-23 16:06:04] 前端重启失败
[2026-03-23 16:08:02] 前端服务挂了，正在重启...
[2026-03-23 16:08:05] 前端重启失败
[2026-03-23 16:10:01] 前端服务挂了，正在重启...
[2026-03-23 16:10:04] 前端重启失败
[2026-03-23 16:12:01] 前端服务挂了，正在重启...
[2026-03-23 16:12:04] 前端重启失败
[2026-03-23 16:14:01] 前端服务挂了，正在重启...
[2026-03-23 16:14:04] 前端重启失败
[2026-03-23 16:16:01] 前端服务挂了，正在重启...
[2026-03-23 16:16:04] 前端重启失败
[2026-03-23 16:18:02] 前端服务挂了，正在重启...
[2026-03-23 16:18:05] 前端重启失败
[2026-03-23 16:20:01] 前端服务挂了，正在重启...
[2026-03-23 16:20:04] 前端重启失败
[2026-03-23 16:22:01] 前端服务挂了，正在重启...
[2026-03-23 16:22:04] 前端重启失败
[2026-03-23 16:24:01] 前端服务挂了，正在重启...
[2026-03-23 16:24:04] 前端重启失败
[2026-03-23 16:26:02] 前端服务挂了，正在重启...
[2026-03-23 16:26:05] 前端重启失败
[2026-03-23 16:28:01] 前端服务挂了，正在重启...
[2026-03-23 16:28:04] 前端重启失败
[2026-03-23 16:30:01] 前端服务挂了，正在重启...
[2026-03-23 16:30:04] 前端重启失败
[2026-03-23 16:32:01] 前端服务挂了，正在重启...
[2026-03-23 16:32:04] 前端重启失败
[2026-03-23 16:34:01] 前端服务挂了，正在重启...
[2026-03-23 16:34:04] 前端重启失败
[2026-03-23 16:36:01] 前端服务挂了，正在重启...
[2026-03-23 16:36:05] 前端重启失败
[2026-03-23 16:38:01] 前端服务挂了，正在重启...
[2026-03-23 16:38:04] 前端重启失败
[2026-03-23 16:40:01] 前端服务挂了，正在重启...
[2026-03-23 16:40:04] 前端重启失败
[2026-03-23 16:42:01] 前端服务挂了，正在重启...
[2026-03-23 16:42:04] 前端重启失败
[2026-03-23 16:44:01] 前端服务挂了，正在重启...
[2026-03-23 16:44:04] 前端重启失败
[2026-03-23 16:46:02] 前端服务挂了，正在重启...
[2026-03-23 16:46:05] 前端重启失败
[2026-03-23 16:48:01] 前端服务挂了，正在重启...
[2026-03-23 16:48:04] 前端重启失败
[2026-03-23 16:50:01] 前端服务挂了，正在重启...
[2026-03-23 16:50:04] 前端重启失败
[2026-03-23 16:52:01] 前端服务挂了，正在重启...
[2026-03-23 16:52:04] 前端重启失败
[2026-03-23 16:54:01] 前端服务挂了，正在重启...
[2026-03-23 16:54:04] 前端重启失败
[2026-03-23 16:56:01] 前端服务挂了，正在重启...
[2026-03-23 16:56:05] 前端重启失败
[2026-03-23 16:58:01] 前端服务挂了，正在重启...
[2026-03-23 16:58:04] 前端重启失败
[2026-03-23 17:00:01] 前端服务挂了，正在重启...
[2026-03-23 17:00:04] 前端重启失败
[2026-03-23 17:02:01] 前端服务挂了，正在重启...
[2026-03-23 17:02:04] 前端重启失败
[2026-03-23 17:04:01] 前端服务挂了，正在重启...
[2026-03-23 17:04:04] 前端重启失败
[2026-03-23 17:06:02] 前端服务挂了，正在重启...
[2026-03-23 17:06:05] 前端重启失败
[2026-03-23 17:08:01] 前端服务挂了，正在重启...
[2026-03-23 17:08:04] 前端重启失败
[2026-03-23 17:10:01] 前端服务挂了，正在重启...
[2026-03-23 17:10:04] 前端重启失败
[2026-03-23 17:12:01] 前端服务挂了，正在重启...
[2026-03-23 17:12:04] 前端重启失败
[2026-03-23 17:14:01] 前端服务挂了，正在重启...
[2026-03-23 17:14:04] 前端重启失败
[2026-03-23 17:16:02] 前端服务挂了，正在重启...
[2026-03-23 17:16:05] 前端重启失败
[2026-03-23 17:18:01] 前端服务挂了，正在重启...
[2026-03-23 17:18:04] 前端重启失败
[2026-03-23 17:20:01] 前端服务挂了，正在重启...
[2026-03-23 17:20:04] 前端重启失败
[2026-03-23 17:22:01] 前端服务挂了，正在重启...
[2026-03-23 17:22:04] 前端重启失败
[2026-03-23 17:24:01] 前端服务挂了，正在重启...
[2026-03-23 17:24:04] 前端重启失败
[2026-03-23 17:26:02] 前端服务挂了，正在重启...
[2026-03-23 17:26:05] 前端重启失败
[2026-03-23 17:28:01] 前端服务挂了，正在重启...
[2026-03-23 17:28:04] 前端重启失败
[2026-03-23 17:30:01] 前端服务挂了，正在重启...
[2026-03-23 17:30:04] 前端重启失败
[2026-03-23 17:32:01] 前端服务挂了，正在重启...
[2026-03-23 17:32:04] 前端重启失败
[2026-03-23 17:34:01] 前端服务挂了，正在重启...
[2026-03-23 17:34:04] 前端重启失败
[2026-03-23 17:36:02] 前端服务挂了，正在重启...
[2026-03-23 17:36:05] 前端重启失败
[2026-03-23 17:38:01] 前端服务挂了，正在重启...
[2026-03-23 17:38:04] 前端重启失败
[2026-03-23 17:40:01] 前端服务挂了，正在重启...
[2026-03-23 17:40:04] 前端重启失败
[2026-03-23 17:42:01] 前端服务挂了，正在重启...
[2026-03-23 17:42:04] 前端重启失败
[2026-03-23 17:44:01] 前端服务挂了，正在重启...
[2026-03-23 17:44:04] 前端重启失败
[2026-03-23 17:46:02] 前端服务挂了，正在重启...
[2026-03-23 17:46:05] 前端重启失败
[2026-03-23 17:48:01] 前端服务挂了，正在重启...
[2026-03-23 17:48:04] 前端重启失败
[2026-03-23 17:50:01] 前端服务挂了，正在重启...
[2026-03-23 17:50:04] 前端重启失败
[2026-03-23 17:52:01] 前端服务挂了，正在重启...
[2026-03-23 17:52:04] 前端重启失败
[2026-03-23 17:54:01] 前端服务挂了，正在重启...
[2026-03-23 17:54:04] 前端重启失败
[2026-03-23 17:56:01] 前端服务挂了，正在重启...
[2026-03-23 17:56:05] 前端重启失败
[2026-03-23 17:58:01] 前端服务挂了，正在重启...
[2026-03-23 17:58:04] 前端重启失败
[2026-03-23 18:00:01] 前端服务挂了，正在重启...
[2026-03-23 18:00:04] 前端重启失败
[2026-03-23 18:02:01] 前端服务挂了，正在重启...
[2026-03-23 18:02:04] 前端重启失败
[2026-03-23 18:04:01] 前端服务挂了，正在重启...
[2026-03-23 18:04:04] 前端重启失败
[2026-03-23 18:06:01] 前端服务挂了，正在重启...
[2026-03-23 18:06:04] 前端重启失败
[2026-03-23 18:08:01] 前端服务挂了，正在重启...
[2026-03-23 18:08:04] 前端重启失败
[2026-03-23 18:10:02] 前端服务挂了，正在重启...
[2026-03-23 18:10:05] 前端重启失败
[2026-03-23 18:12:01] 前端服务挂了，正在重启...
[2026-03-23 18:12:04] 前端重启失败
[2026-03-23 18:14:01] 前端服务挂了，正在重启...
[2026-03-23 18:14:04] 前端重启失败
[2026-03-23 18:16:01] 前端服务挂了，正在重启...
[2026-03-23 18:16:04] 前端重启失败
[2026-03-23 18:18:01] 前端服务挂了，正在重启...
[2026-03-23 18:18:04] 前端重启失败
[2026-03-23 18:20:02] 前端服务挂了，正在重启...
[2026-03-23 18:20:05] 前端重启失败
[2026-03-23 18:22:01] 前端服务挂了，正在重启...
[2026-03-23 18:22:04] 前端重启失败
[2026-03-23 18:24:01] 前端服务挂了，正在重启...
[2026-03-23 18:24:04] 前端重启失败
[2026-03-23 18:26:01] 前端服务挂了，正在重启...
[2026-03-23 18:26:04] 前端重启失败
[2026-03-23 18:28:01] 前端服务挂了，正在重启...
[2026-03-23 18:28:04] 前端重启失败
[2026-03-23 18:30:02] 前端服务挂了，正在重启...
[2026-03-23 18:30:05] 前端重启失败
[2026-03-23 18:32:01] 前端服务挂了，正在重启...
[2026-03-23 18:32:04] 前端重启失败
[2026-03-23 18:34:01] 前端服务挂了，正在重启...
[2026-03-23 18:34:04] 前端重启失败
[2026-03-23 18:36:01] 前端服务挂了，正在重启...
[2026-03-23 18:36:04] 前端重启失败
[2026-03-23 18:38:01] 前端服务挂了，正在重启...
[2026-03-23 18:38:04] 前端重启失败
[2026-03-23 18:40:02] 前端服务挂了，正在重启...
[2026-03-23 18:40:05] 前端重启失败
[2026-03-23 18:42:01] 前端服务挂了，正在重启...
[2026-03-23 18:42:04] 前端重启失败
[2026-03-23 18:44:01] 前端服务挂了，正在重启...
[2026-03-23 18:44:04] 前端重启失败
[2026-03-23 18:46:01] 前端服务挂了，正在重启...
[2026-03-23 18:46:04] 前端重启失败
[2026-03-23 18:48:01] 前端服务挂了，正在重启...
[2026-03-23 18:48:04] 前端重启失败
[2026-03-23 18:50:02] 前端服务挂了，正在重启...
[2026-03-23 18:50:05] 前端重启失败
[2026-03-23 18:52:01] 前端服务挂了，正在重启...
[2026-03-23 18:52:04] 前端重启失败
[2026-03-23 18:54:01] 前端服务挂了，正在重启...
[2026-03-23 18:54:04] 前端重启失败
[2026-03-23 18:56:01] 前端服务挂了，正在重启...
[2026-03-23 18:56:04] 前端重启失败
[2026-03-23 18:58:01] 前端服务挂了，正在重启...
[2026-03-23 18:58:04] 前端重启失败
[2026-03-23 19:00:02] 前端服务挂了，正在重启...
[2026-03-23 19:00:05] 前端重启失败
[2026-03-23 19:02:01] 前端服务挂了，正在重启...
[2026-03-23 19:02:04] 前端重启失败
[2026-03-23 19:04:01] 前端服务挂了，正在重启...
[2026-03-23 19:04:04] 前端重启失败
[2026-03-23 19:06:01] 前端服务挂了，正在重启...
[2026-03-23 19:06:04] 前端重启失败
[2026-03-23 19:08:01] 前端服务挂了，正在重启...
[2026-03-23 19:08:05] 前端重启失败
[2026-03-23 19:10:01] 前端服务挂了，正在重启...
[2026-03-23 19:10:04] 前端重启失败
[2026-03-23 19:12:01] 前端服务挂了，正在重启...
[2026-03-23 19:12:04] 前端重启失败
[2026-03-23 19:14:01] 前端服务挂了，正在重启...
[2026-03-23 19:14:04] 前端重启失败
[2026-03-23 19:16:01] 前端服务挂了，正在重启...
[2026-03-23 19:16:04] 前端重启失败
[2026-03-23 19:18:01] 前端服务挂了，正在重启...
[2026-03-23 19:18:04] 前端重启失败
[2026-03-23 19:20:01] 前端服务挂了，正在重启...
[2026-03-23 19:20:04] 前端重启失败
[2026-03-23 19:22:01] 前端服务挂了，正在重启...
[2026-03-23 19:22:04] 前端重启失败
[2026-03-23 19:24:01] 前端服务挂了，正在重启...
[2026-03-23 19:24:04] 前端重启失败
[2026-03-23 19:26:01] 前端服务挂了，正在重启...
[2026-03-23 19:26:04] 前端重启失败
[2026-03-23 19:28:01] 前端服务挂了，正在重启...
[2026-03-23 19:28:04] 前端重启失败
[2026-03-23 19:30:02] 前端服务挂了，正在重启...
[2026-03-23 19:30:05] 前端重启失败
[2026-03-23 19:32:01] 前端服务挂了，正在重启...
[2026-03-23 19:32:04] 前端重启失败
[2026-03-23 19:34:01] 前端服务挂了，正在重启...
[2026-03-23 19:34:04] 前端重启失败
